<?xml version="1.0" encoding="UTF-8"?>
<!-- Generated by org.testng.reporters.JUnitReportReporter -->
<testsuite hostname="DESKTOP-F8BPQEM" failures="0" tests="3" name="Runner.TestRunner" time="23.499" errors="0" timestamp="23 Jul 2023 16:15:28 GMT" skipped="0">
  <testcase classname="Runner.TestRunner" name="runScenario" time="8.666"/>
  <testcase classname="Runner.TestRunner" name="runScenario" time="7.849"/>
  <testcase classname="Runner.TestRunner" name="runScenario" time="6.984"/>
</testsuite> <!-- Runner.TestRunner -->
