<?xml version="1.0" encoding="UTF-8"?>
<!-- Generated by org.testng.reporters.JUnitReportReporter -->
<testsuite hostname="DESKTOP-F8BPQEM" failures="0" tests="3" name="Runner.TestRunner" time="8.791" errors="0" timestamp="23 Jul 2023 14:44:28 GMT" skipped="0">
  <testcase classname="Runner.TestRunner" name="runScenario" time="2.426"/>
  <testcase classname="Runner.TestRunner" name="runScenario" time="3.013"/>
  <testcase classname="Runner.TestRunner" name="runScenario" time="3.352"/>
</testsuite> <!-- Runner.TestRunner -->
